Sap xep theo cac moc noi suy tang dan
-1.0000000000 0.0384615380
-0.7500000000 0.0663900410
-0.5000000000 0.1379310340
-0.2500000000 0.3902439020
0.0000000000 1.0000000000
0.2500000000 0.3902439020
0.5000000000 0.1379310340
0.7500000000 0.0663900410
1.0000000000 0.0384615380


===========================================================
tinh dw[i]:
Dw[0]=0.6152343750
Dw[1]=-0.0769042969
Dw[2]=0.0219726562
Dw[3]=-0.0109863281
Dw[4]=0.0087890625
Dw[5]=-0.0109863281
Dw[6]=0.0219726562
Dw[7]=-0.0769042969
Dw[8]=0.6152343750
===========================================================
tinh w_n:
nhan voi (x1.0000000000):
1	1.0000000000
0	1.0000000000
nhan voi (x0.7500000000):
2	1.0000000000
1	1.7500000000
0	0.7500000000
nhan voi (x0.5000000000):
3	1.0000000000
2	2.2500000000
1	1.6250000000
0	0.3750000000
nhan voi (x0.2500000000):
4	1.0000000000
3	2.5000000000
2	2.1875000000
1	0.7812500000
0	0.0937500000
nhan voi (x-0.0000000000):
5	1.0000000000
4	2.5000000000
3	2.1875000000
2	0.7812500000
1	0.0937500000
0	0.0000000000
nhan voi (x-0.2500000000):
6	1.0000000000
5	2.2500000000
4	1.5625000000
3	0.2343750000
2	-0.1015625000
1	-0.0234375000
0	0.0000000000
nhan voi (x-0.5000000000):
7	1.0000000000
6	1.7500000000
5	0.4375000000
4	-0.5468750000
3	-0.2187500000
2	0.0273437500
1	0.0117187500
0	0.0000000000
nhan voi (x-0.7500000000):
8	1.0000000000
7	1.0000000000
6	-0.8750000000
5	-0.8750000000
4	0.1914062500
3	0.1914062500
2	-0.0087890625
1	-0.0087890625
0	0.0000000000
nhan voi (x-1.0000000000):
9	1.0000000000
8	0.0000000000
7	-1.8750000000
6	0.0000000000
5	1.0664062500
4	0.0000000000
3	-0.2001953125
2	0.0000000000
1	0.0087890625
0	0.0000000000
===========================================================
cap nhat he so da thuc sau moi lan cong
dang xet o0
0.0000000000		0.0087890625		-0.0087890625		-0.1914062500		0.1914062500		0.8750000000		-0.8750000000		-1.0000000000		1.0000000000		
he so sau khi cap nhat lan thu 0
0.0000000000		0.0005494505		-0.0005494505		-0.0119658118		0.0119658118		0.0547008540		-0.0547008540		-0.0625152618		0.0625152618		
dang xet o1
0.0000000000		0.0117187500		-0.0156250000		-0.2460937500		0.3281250000		0.9843750000		-1.3125000000		-0.7500000000		1.0000000000		
he so sau khi cap nhat lan thu 1
0.0000000000		-0.0095671271		0.0129393197		0.2004823194		-0.2712983631		-0.7950916708		1.0783558457		0.5849457095		-0.8007660333		
dang xet o2
0.0000000000		0.0175781250		-0.0351562500		-0.3300781250		0.6601562500		0.8125000000		-1.6250000000		-0.5000000000		1.0000000000		
he so sau khi cap nhat lan thu 2
0.0000000000		0.1007777001		-0.2077503347		-1.8715483247		3.8727629251		4.3052914532		-9.1224104021		-2.5537515975		5.4766285808		
dang xet o3
0.0000000000		0.0351562500		-0.1406250000		-0.2382812500		0.9531250000		0.4531250000		-1.8125000000		-0.2500000000		1.0000000000		
he so sau khi cap nhat lan thu 3
0.0000000000		-1.1480027863		4.7873716109		6.5924083053		-29.9830635951		-11.7901014827		55.2591613412		6.3264651947		-30.0442385879		
dang xet o4
0.0087890625		0.0000000000		-0.2001953125		0.0000000000		1.0664062500		0.0000000000		-1.8750000000		0.0000000000		1.0000000000		
he so sau khi cap nhat lan thu 4
1.0000000000		-1.1480027863		-17.9904061669		6.5924083053		91.3502697382		-11.7901014827		-158.0741719922		6.3264651947		83.7335391898		
dang xet o5
0.0000000000		-0.0351562500		-0.1406250000		0.2382812500		0.9531250000		-0.4531250000		-1.8125000000		0.2500000000		1.0000000000		
he so sau khi cap nhat lan thu 5
1.0000000000		0.1007777001		-12.9952842213		-1.8715483247		57.4944432180		4.3052914532		-93.6926002489		-2.5537515975		48.2126720211		
dang xet o6
0.0000000000		-0.0175781250		-0.0351562500		0.3300781250		0.6601562500		-0.8125000000		-1.6250000000		0.5000000000		1.0000000000		
he so sau khi cap nhat lan thu 6
1.0000000000		-0.0095671271		-13.2159738757		0.2004823194		61.6385045062		-0.7950916708		-103.8933664967		0.5849457095		54.4900666352		
dang xet o7
0.0000000000		-0.0117187500		-0.0156250000		0.2460937500		0.3281250000		-0.9843750000		-1.3125000000		0.7500000000		1.0000000000		
he so sau khi cap nhat lan thu 7
1.0000000000		0.0005494505		-13.2024851055		-0.0119658118		61.3552403313		0.0547008540		-102.7603097970		-0.0625152618		53.6267853401		
dang xet o8
0.0000000000		-0.0087890625		-0.0087890625		0.1914062500		0.1914062500		-0.8750000000		-0.8750000000		1.0000000000		1.0000000000		
he so sau khi cap nhat lan thu 8
1.0000000000		-0.0000000000		-13.2030345560		-0.0000000000		61.3672061431		-0.0000000000		-102.8150106510		0.0000000000		53.6893006019		
In cac he so tu x^0 den x^8
1.0000000000 -0.0000000000 -13.2030345560 -0.0000000000 61.3672061431 -0.0000000000 -102.8150106510 0.0000000000 53.6893006019 

Gia tri da thuc ns Lagrange tai x = 1.0000000000 bang 0.0384615380
Gia tri da thuc ns Lagrange tai x = 1.1250000000 bang 11.9079976285
Gia tri da thuc ns Lagrange tai x = 1.2500000000 bang 57.9975681950
Gia tri da thuc ns Lagrange tai x = 1.3750000000 bang 186.5488174066
Gia tri da thuc ns Lagrange tai x = 1.5000000000 bang 486.8354744060
Gia tri da thuc ns Lagrange tai x = 1.6250000000 bang 1111.3751038390
Gia tri da thuc ns Lagrange tai x = 1.7500000000 bang 2305.6969970920
Gia tri da thuc ns Lagrange tai x = 1.8750000000 bang 4447.1500412985
Gia tri da thuc ns Lagrange tai x = 1.6000000000 bang 950.3646142846
